{"name": "test_12_books", "status": "failed", "statusDetails": {"message": "AssertionError: assert 21.939999999999998 == 21.941000000000003", "trace": "self = <test_json_path.TestJSONPath object at 0x109918e50>\n\n    def test_12_books(self):\n        book_12 = jsonpath.jsonpath(response, f'$..book[0,1]')\n>       assert book_12[0]['price'] + book_12[1]['price'] == 8.951 + 12.99\nE       assert 21.939999999999998 == 21.941000000000003\n\ntest_json_path.py:79: AssertionError"}, "steps": [{"name": "校验结果", "status": "passed", "attachments": [{"name": " book_12[0]['price'] + book_12[1]['price'] ", "source": "64d06b13-80a5-4c40-aff7-6235fc798652-attachment.attach"}, {"name": " 8.951 + 12.99", "source": "556a2fc2-ef23-49c7-842a-8c3431892596-attachment.attach"}], "start": 1589377772727, "stop": 1589377772728}], "start": 1589377772655, "stop": 1589377772728, "uuid": "4f1ec55e-bc4e-4eac-b7be-86a3282299c5", "historyId": "e88c4ac9e9a0a7e1e347465261f29e85", "testCaseId": "6b1655c4590068c1f2bf95461ba5a11d", "fullName": "tests.test_json_path.TestJSONPath#test_12_books", "labels": [{"name": "parentSuite", "value": "tests"}, {"name": "suite", "value": "test_json_path"}, {"name": "subSuite", "value": "TestJSONPath"}, {"name": "host", "value": "localhost"}, {"name": "thread", "value": "75040-MainThread"}, {"name": "framework", "value": "pytest"}, {"name": "language", "value": "cpython3"}, {"name": "package", "value": "tests.test_json_path"}]}