{"name": "test_slice", "status": "failed", "statusDetails": {"message": "AssertionError: assert 8.991 in [8.95, 8.99]", "trace": "def test_slice():\n        \"\"\"\"\"\"\n        prices = jsonpath.jsonpath(response, '$..book[::2].price')\n        for price in [8.95, 8.991]:\n>           assert price in prices\nE           assert 8.991 in [8.95, 8.99]\n\ntest_json_path.py:111: AssertionError"}, "steps": [{"name": "校验结果", "status": "passed", "attachments": [{"name": " price ", "source": "b6c58bc1-6763-4e94-a0f8-ec8ef10c84cb-attachment.attach"}, {"name": " prices", "source": "46f71b16-7b38-48e5-a362-52a81b2230cc-attachment.attach"}], "start": 1589425684944, "stop": 1589425684945}], "start": 1589425684849, "stop": 1589425684946, "uuid": "d4babbbe-513c-4f0c-a043-79671d4f9af5", "historyId": "ceba7490a38c7d05086ce042f4605c1a", "testCaseId": "e488421eadbf4e722c5e69266b26f0f2", "fullName": "tests.test_json_path#test_slice", "labels": [{"name": "parentSuite", "value": "tests"}, {"name": "suite", "value": "test_json_path"}, {"name": "host", "value": "MBC02X21W4G8WN.local"}, {"name": "thread", "value": "96756-MainThread"}, {"name": "framework", "value": "pytest"}, {"name": "language", "value": "cpython3"}, {"name": "package", "value": "tests.test_json_path"}]}