{"name": "test_last_book", "status": "failed", "statusDetails": {"message": "AssertionError: assert '0-395-19395-8' == '1-395-19395-8'", "trace": "self = <test_json_path.TestJSONPath object at 0x1108a2910>\n\n    def test_last_book(self):\n        num = len(jsonpath.jsonpath(response, '$..book')[0]) - 1  # jsonpath.jsonpath得到的都是一个list\n        book_last = jsonpath.jsonpath(response, f'$..book[{num}]')\n>       assert book_last[0]['isbn'] == \"1-395-19395-8\"\nE       AssertionError: assert '0-395-19395-8' == '1-395-19395-8'\n\ntest_json_path.py:75: AssertionError"}, "steps": [{"name": "校验结果", "status": "passed", "attachments": [{"name": " book_last[0]['isbn'] ", "source": "f4ffdc75-3574-459d-b7dc-4fe8bca2fefa-attachment.attach"}, {"name": " \"1-395-19395-8\"", "source": "9b7e4176-0cc1-4709-942e-ee844c9a5eb2-attachment.attach"}], "start": 1589368075856, "stop": 1589368075858}], "start": 1589368075714, "stop": 1589368075859, "uuid": "e211660c-922e-4b50-95be-1c8c6df2d9fe", "historyId": "a10064a7c3beb414b4f27f9d0dd83711", "testCaseId": "1d0c11169e1a65e88b890ff08ef85e50", "fullName": "tests.test_json_path.TestJSONPath#test_last_book", "labels": [{"name": "parentSuite", "value": "tests"}, {"name": "suite", "value": "test_json_path"}, {"name": "subSuite", "value": "TestJSONPath"}, {"name": "host", "value": "MBC02X21W4G8WN.local"}, {"name": "thread", "value": "70794-MainThread"}, {"name": "framework", "value": "pytest"}, {"name": "language", "value": "cpython3"}, {"name": "package", "value": "tests.test_json_path"}]}