{"name": "test_12_books", "status": "failed", "statusDetails": {"message": "AssertionError: assert 21.939999999999998 == 21.941000000000003", "trace": "self = <test_json_path.TestJSONPath object at 0x109c90a50>\n\n    def test_12_books(self):\n        \"\"\"\n        '$..book[0,1]'表示根节点下递归查找所有的book属性值的第0个和第1个元素，\n        \"\"\"\n        book_12 = jsonpath.jsonpath(response, '$..book[0,1]')\n>       assert book_12[0]['price'] + book_12[1]['price'] == 8.951 + 12.99\nE       assert 21.939999999999998 == 21.941000000000003\n\ntest_json_path.py:86: AssertionError"}, "description": "\n        '$..book[0,1]'表示根节点下递归查找所有的book属性值的第0个和第1个元素，\n        ", "steps": [{"name": "校验结果", "status": "passed", "attachments": [{"name": " book_12[0]['price'] + book_12[1]['price'] ", "source": "81179580-158f-47e0-9a22-7a1413e03578-attachment.attach"}, {"name": " 8.951 + 12.99", "source": "f2518642-5ba4-45db-ae50-bffcf306b758-attachment.attach"}], "start": 1589379464374, "stop": 1589379464375}], "start": 1589379464293, "stop": 1589379464376, "uuid": "52841dfe-1962-41e4-a9d5-e1b6e0763a7b", "historyId": "e88c4ac9e9a0a7e1e347465261f29e85", "testCaseId": "6b1655c4590068c1f2bf95461ba5a11d", "fullName": "tests.test_json_path.TestJSONPath#test_12_books", "labels": [{"name": "parentSuite", "value": "tests"}, {"name": "suite", "value": "test_json_path"}, {"name": "subSuite", "value": "TestJSONPath"}, {"name": "host", "value": "localhost"}, {"name": "thread", "value": "77339-MainThread"}, {"name": "framework", "value": "pytest"}, {"name": "language", "value": "cpython3"}, {"name": "package", "value": "tests.test_json_path"}]}